fluttersolis-dzemaat_development-a59671d57e02/build/app/intermediates/manifest_merge_blame_file/debug/manifest-merger-blame-debug-report.txt
1<?xml version="1.0" encoding="utf-8"?>
2<manifest xmlns:android="http://schemas.android.com/apk/res/android"
3    package="com.islamic.dzemaat"
4    android:versionCode="1"
5    android:versionName="1.0.0" >
6
7    <uses-sdk
8        android:minSdkVersion="16"
9        android:targetSdkVersion="29" />
10    <!--
11         Flutter needs it to communicate with the running application
12         to allow setting breakpoints, to provide hot reload, etc.
13    -->
14    <uses-permission android:name="android.permission.INTERNET" />
14-->src\main\AndroidManifest.xml:8:5-66
14-->src\main\AndroidManifest.xml:8:22-64
15    <uses-permission android:name="android.permission.READ_EXTERNAL_STORAGE" />
15-->[:image_picker] AndroidManifest.xml:7:5-80
15-->[:image_picker] AndroidManifest.xml:7:22-77
16    <uses-permission android:name="android.permission.WRITE_EXTERNAL_STORAGE" />
16-->[:image_picker] AndroidManifest.xml:8:5-81
16-->[:image_picker] AndroidManifest.xml:8:22-78
17    <uses-permission android:name="android.permission.ACCESS_NETWORK_STATE" />
17-->[com.google.firebase:firebase-auth:20.0.0] AndroidManifest.xml:24:5-79
17-->[com.google.firebase:firebase-auth:20.0.0] AndroidManifest.xml:24:22-76
18    <uses-permission android:name="android.permission.WAKE_LOCK" />
18-->[com.google.android.gms:play-services-measurement:18.0.0] AndroidManifest.xml:25:5-68
18-->[com.google.android.gms:play-services-measurement:18.0.0] AndroidManifest.xml:25:22-65
19    <uses-permission android:name="com.google.android.finsky.permission.BIND_GET_INSTALL_REFERRER_SERVICE" />
19-->[com.google.android.gms:play-services-measurement:18.0.0] AndroidManifest.xml:26:5-110
19-->[com.google.android.gms:play-services-measurement:18.0.0] AndroidManifest.xml:26:22-107
20
21    <application
21-->src\main\AndroidManifest.xml:10:5-48:19
22        android:name="io.flutter.app.FlutterApplication"
22-->src\main\AndroidManifest.xml:11:9-57
23        android:appComponentFactory="androidx.core.app.CoreComponentFactory"
23-->[androidx.core:core:1.1.0] AndroidManifest.xml:24:18-86
24        android:debuggable="true"
25        android:icon="@mipmap/ic_launcher"
25-->src\main\AndroidManifest.xml:13:9-43
26        android:label="dzemaat"
26-->src\main\AndroidManifest.xml:12:9-32
27        android:supportsRtl="true" >
27-->[com.facebook.android:facebook-login:5.5.1] AndroidManifest.xml:28:18-44
28        <activity
28-->src\main\AndroidManifest.xml:14:9-42:20
29            android:name="com.islamic.dzemaat.MainActivity"
29-->src\main\AndroidManifest.xml:15:13-41
30            android:configChanges="orientation|keyboardHidden|keyboard|screenSize|smallestScreenSize|locale|layoutDirection|fontScale|screenLayout|density|uiMode"
30-->src\main\AndroidManifest.xml:18:13-163
31            android:hardwareAccelerated="true"
31-->src\main\AndroidManifest.xml:19:13-47
32            android:launchMode="singleTop"
32-->src\main\AndroidManifest.xml:16:13-43
33            android:theme="@style/LaunchTheme"
33-->src\main\AndroidManifest.xml:17:13-47
34            android:windowSoftInputMode="adjustResize" >
34-->src\main\AndroidManifest.xml:20:13-55
35
36            <!--
37                 Specifies an Android theme to apply to this Activity as soon as
38                 the Android process has started. This theme is visible to the user
39                 while the Flutter UI initializes. After that, this theme continues
40                 to determine the Window background behind the Flutter UI.
41            -->
42            <meta-data
42-->src\main\AndroidManifest.xml:25:13-28:17
43                android:name="io.flutter.embedding.android.NormalTheme"
43-->src\main\AndroidManifest.xml:26:15-70
44                android:resource="@style/NormalTheme" />
44-->src\main\AndroidManifest.xml:27:15-52
45            <!--
46                 Displays an Android View that continues showing the launch screen
47                 Drawable until Flutter paints its first frame, then this splash
48                 screen fades out. A splash screen is useful to avoid any visual
49                 gap between the end of Android's launch screen and the painting of
50                 Flutter's first frame.
51            -->
52            <meta-data
52-->src\main\AndroidManifest.xml:34:13-37:17
53                android:name="io.flutter.embedding.android.SplashScreenDrawable"
53-->src\main\AndroidManifest.xml:35:15-79
54                android:resource="@drawable/launch_background" />
54-->src\main\AndroidManifest.xml:36:15-61
55
56            <intent-filter>
56-->src\main\AndroidManifest.xml:38:13-41:29
57                <action android:name="android.intent.action.MAIN" />
57-->src\main\AndroidManifest.xml:39:17-68
57-->src\main\AndroidManifest.xml:39:25-66
58
59                <category android:name="android.intent.category.LAUNCHER" />
59-->src\main\AndroidManifest.xml:40:17-76
59-->src\main\AndroidManifest.xml:40:27-74
60            </intent-filter>
61        </activity>
62        <!--
63             Don't delete the meta-data below.
64             This is used by the Flutter tool to generate GeneratedPluginRegistrant.java
65        -->
66        <meta-data
66-->src\main\AndroidManifest.xml:45:9-47:33
67            android:name="flutterEmbedding"
67-->src\main\AndroidManifest.xml:46:13-44
68            android:value="2" />
68-->src\main\AndroidManifest.xml:47:13-30
69
70        <service
70-->[:firebase_storage] AndroidManifest.xml:8:9-12:19
71            android:name="com.google.firebase.components.ComponentDiscoveryService"
71-->[:firebase_storage] AndroidManifest.xml:8:18-89
72            android:directBootAware="true"
72-->[com.google.firebase:firebase-common:19.3.1] AndroidManifest.xml:35:13-43
73            android:exported="false" >
73-->[com.google.firebase:firebase-auth:20.0.0] AndroidManifest.xml:84:13-37
74            <meta-data
74-->[:firebase_storage] AndroidManifest.xml:9:13-11:85
75                android:name="com.google.firebase.components:io.flutter.plugins.firebase.storage.FlutterFirebaseAppRegistrar"
75-->[:firebase_storage] AndroidManifest.xml:10:17-126
76                android:value="com.google.firebase.components.ComponentRegistrar" />
76-->[:firebase_storage] AndroidManifest.xml:11:17-82
77            <meta-data
77-->[:cloud_firestore] AndroidManifest.xml:9:13-11:85
78                android:name="com.google.firebase.components:io.flutter.plugins.firebase.firestore.FlutterFirebaseFirestoreRegistrar"
78-->[:cloud_firestore] AndroidManifest.xml:10:17-134
79                android:value="com.google.firebase.components.ComponentRegistrar" />
79-->[:cloud_firestore] AndroidManifest.xml:11:17-82
80            <meta-data
80-->[:firebase_auth] AndroidManifest.xml:9:13-11:85
81                android:name="com.google.firebase.components:io.flutter.plugins.firebase.auth.FlutterFirebaseAuthRegistrar"
81-->[:firebase_auth] AndroidManifest.xml:10:17-124
82                android:value="com.google.firebase.components.ComponentRegistrar" />
82-->[:firebase_auth] AndroidManifest.xml:11:17-82
83            <meta-data
83-->[:firebase_core] AndroidManifest.xml:9:13-11:85
84                android:name="com.google.firebase.components:io.flutter.plugins.firebase.core.FlutterFirebaseCoreRegistrar"
84-->[:firebase_core] AndroidManifest.xml:10:17-124
85                android:value="com.google.firebase.components.ComponentRegistrar" />
85-->[:firebase_core] AndroidManifest.xml:11:17-82
86            <meta-data
86-->[com.google.firebase:firebase-auth:20.0.0] AndroidManifest.xml:85:13-87:85
87                android:name="com.google.firebase.components:com.google.firebase.auth.FirebaseAuthRegistrar"
87-->[com.google.firebase:firebase-auth:20.0.0] AndroidManifest.xml:86:17-109
88                android:value="com.google.firebase.components.ComponentRegistrar" />
88-->[com.google.firebase:firebase-auth:20.0.0] AndroidManifest.xml:87:17-82
89            <meta-data
89-->[com.google.firebase:firebase-storage:19.2.0] AndroidManifest.xml:33:13-35:85
90                android:name="com.google.firebase.components:com.google.firebase.storage.StorageRegistrar"
90-->[com.google.firebase:firebase-storage:19.2.0] AndroidManifest.xml:34:17-107
91                android:value="com.google.firebase.components.ComponentRegistrar" />
91-->[com.google.firebase:firebase-storage:19.2.0] AndroidManifest.xml:35:17-82
92            <meta-data
92-->[com.google.firebase:firebase-firestore:22.0.0] AndroidManifest.xml:20:13-22:85
93                android:name="com.google.firebase.components:com.google.firebase.firestore.FirestoreRegistrar"
93-->[com.google.firebase:firebase-firestore:22.0.0] AndroidManifest.xml:21:17-111
94                android:value="com.google.firebase.components.ComponentRegistrar" />
94-->[com.google.firebase:firebase-firestore:22.0.0] AndroidManifest.xml:22:17-82
95            <meta-data
95-->[com.google.android.gms:play-services-measurement-api:18.0.0] AndroidManifest.xml:30:13-32:85
96                android:name="com.google.firebase.components:com.google.firebase.analytics.connector.internal.AnalyticsConnectorRegistrar"
96-->[com.google.android.gms:play-services-measurement-api:18.0.0] AndroidManifest.xml:31:17-139
97                android:value="com.google.firebase.components.ComponentRegistrar" />
97-->[com.google.android.gms:play-services-measurement-api:18.0.0] AndroidManifest.xml:32:17-82
98            <meta-data
98-->[com.google.firebase:firebase-installations:16.3.3] AndroidManifest.xml:17:13-19:85
99                android:name="com.google.firebase.components:com.google.firebase.installations.FirebaseInstallationsRegistrar"
99-->[com.google.firebase:firebase-installations:16.3.3] AndroidManifest.xml:18:17-127
100                android:value="com.google.firebase.components.ComponentRegistrar" />
100-->[com.google.firebase:firebase-installations:16.3.3] AndroidManifest.xml:19:17-82
101        </service>
102
103        <provider
103-->[:image_picker] AndroidManifest.xml:11:9-19:20
104            android:name="io.flutter.plugins.imagepicker.ImagePickerFileProvider"
104-->[:image_picker] AndroidManifest.xml:12:13-82
105            android:authorities="com.islamic.dzemaat.flutter.image_provider"
105-->[:image_picker] AndroidManifest.xml:13:13-74
106            android:exported="false"
106-->[:image_picker] AndroidManifest.xml:14:13-37
107            android:grantUriPermissions="true" >
107-->[:image_picker] AndroidManifest.xml:15:13-47
108            <meta-data
108-->[:image_picker] AndroidManifest.xml:16:13-18:75
109                android:name="android.support.FILE_PROVIDER_PATHS"
109-->[:image_picker] AndroidManifest.xml:17:17-67
110                android:resource="@xml/flutter_image_picker_file_paths" />
110-->[:image_picker] AndroidManifest.xml:18:17-72
111        </provider>
112
113        <activity
113-->[com.google.firebase:firebase-auth:20.0.0] AndroidManifest.xml:27:9-34:50
114            android:name="com.google.firebase.auth.internal.FederatedSignInActivity"
114-->[com.google.firebase:firebase-auth:20.0.0] AndroidManifest.xml:28:13-85
115            android:excludeFromRecents="true"
115-->[com.google.firebase:firebase-auth:20.0.0] AndroidManifest.xml:29:13-46
116            android:exported="true"
116-->[com.google.firebase:firebase-auth:20.0.0] AndroidManifest.xml:30:13-36
117            android:launchMode="singleTask"
117-->[com.google.firebase:firebase-auth:20.0.0] AndroidManifest.xml:31:13-44
118            android:permission="com.google.firebase.auth.api.gms.permission.LAUNCH_FEDERATED_SIGN_IN"
118-->[com.google.firebase:firebase-auth:20.0.0] AndroidManifest.xml:32:13-102
119            android:theme="@android:style/Theme.Translucent.NoTitleBar" />
119-->[com.google.firebase:firebase-auth:20.0.0] AndroidManifest.xml:33:13-72
120        <activity
120-->[com.google.firebase:firebase-auth:20.0.0] AndroidManifest.xml:35:9-52:20
121            android:name="com.google.firebase.auth.internal.GenericIdpActivity"
121-->[com.google.firebase:firebase-auth:20.0.0] AndroidManifest.xml:36:13-80
122            android:excludeFromRecents="true"
122-->[com.google.firebase:firebase-auth:20.0.0] AndroidManifest.xml:37:13-46
123            android:exported="true"
123-->[com.google.firebase:firebase-auth:20.0.0] AndroidManifest.xml:38:13-36
124            android:launchMode="singleTask"
124-->[com.google.firebase:firebase-auth:20.0.0] AndroidManifest.xml:39:13-44
125            android:theme="@android:style/Theme.Translucent.NoTitleBar" >
125-->[com.google.firebase:firebase-auth:20.0.0] AndroidManifest.xml:40:13-72
126            <intent-filter>
126-->[com.google.firebase:firebase-auth:20.0.0] AndroidManifest.xml:41:13-51:29
127                <action android:name="android.intent.action.VIEW" />
127-->[com.google.firebase:firebase-auth:20.0.0] AndroidManifest.xml:42:17-69
127-->[com.google.firebase:firebase-auth:20.0.0] AndroidManifest.xml:42:25-66
128
129                <category android:name="android.intent.category.DEFAULT" />
129-->[com.google.firebase:firebase-auth:20.0.0] AndroidManifest.xml:44:17-76
129-->[com.google.firebase:firebase-auth:20.0.0] AndroidManifest.xml:44:27-73
130                <category android:name="android.intent.category.BROWSABLE" />
130-->[com.google.firebase:firebase-auth:20.0.0] AndroidManifest.xml:45:17-78
130-->[com.google.firebase:firebase-auth:20.0.0] AndroidManifest.xml:45:27-75
131
132                <data
132-->[com.google.firebase:firebase-auth:20.0.0] AndroidManifest.xml:47:17-50:51
133                    android:host="firebase.auth"
133-->[com.google.firebase:firebase-auth:20.0.0] AndroidManifest.xml:48:21-49
134                    android:path="/"
134-->[com.google.firebase:firebase-auth:20.0.0] AndroidManifest.xml:49:21-37
135                    android:scheme="genericidp" />
135-->[com.google.firebase:firebase-auth:20.0.0] AndroidManifest.xml:50:21-48
136            </intent-filter>
137        </activity>
138        <activity
138-->[com.google.firebase:firebase-auth:20.0.0] AndroidManifest.xml:53:9-70:20
139            android:name="com.google.firebase.auth.internal.RecaptchaActivity"
139-->[com.google.firebase:firebase-auth:20.0.0] AndroidManifest.xml:54:13-79
140            android:excludeFromRecents="true"
140-->[com.google.firebase:firebase-auth:20.0.0] AndroidManifest.xml:55:13-46
141            android:exported="true"
141-->[com.google.firebase:firebase-auth:20.0.0] AndroidManifest.xml:56:13-36
142            android:launchMode="singleTask"
142-->[com.google.firebase:firebase-auth:20.0.0] AndroidManifest.xml:57:13-44
143            android:theme="@android:style/Theme.Translucent.NoTitleBar" >
143-->[com.google.firebase:firebase-auth:20.0.0] AndroidManifest.xml:58:13-72
144            <intent-filter>
144-->[com.google.firebase:firebase-auth:20.0.0] AndroidManifest.xml:59:13-69:29
145                <action android:name="android.intent.action.VIEW" />
145-->[com.google.firebase:firebase-auth:20.0.0] AndroidManifest.xml:42:17-69
145-->[com.google.firebase:firebase-auth:20.0.0] AndroidManifest.xml:42:25-66
146
147                <category android:name="android.intent.category.DEFAULT" />
147-->[com.google.firebase:firebase-auth:20.0.0] AndroidManifest.xml:44:17-76
147-->[com.google.firebase:firebase-auth:20.0.0] AndroidManifest.xml:44:27-73
148                <category android:name="android.intent.category.BROWSABLE" />
148-->[com.google.firebase:firebase-auth:20.0.0] AndroidManifest.xml:45:17-78
148-->[com.google.firebase:firebase-auth:20.0.0] AndroidManifest.xml:45:27-75
149
150                <data
150-->[com.google.firebase:firebase-auth:20.0.0] AndroidManifest.xml:47:17-50:51
151                    android:host="firebase.auth"
151-->[com.google.firebase:firebase-auth:20.0.0] AndroidManifest.xml:48:21-49
152                    android:path="/"
152-->[com.google.firebase:firebase-auth:20.0.0] AndroidManifest.xml:49:21-37
153                    android:scheme="recaptcha" />
153-->[com.google.firebase:firebase-auth:20.0.0] AndroidManifest.xml:50:21-48
154            </intent-filter>
155        </activity>
156
157        <service
157-->[com.google.firebase:firebase-auth:20.0.0] AndroidManifest.xml:72:9-81:19
158            android:name="com.google.firebase.auth.api.fallback.service.FirebaseAuthFallbackService"
158-->[com.google.firebase:firebase-auth:20.0.0] AndroidManifest.xml:73:13-101
159            android:enabled="true"
159-->[com.google.firebase:firebase-auth:20.0.0] AndroidManifest.xml:74:13-35
160            android:exported="false" >
160-->[com.google.firebase:firebase-auth:20.0.0] AndroidManifest.xml:75:13-37
161            <intent-filter>
161-->[com.google.firebase:firebase-auth:20.0.0] AndroidManifest.xml:76:13-80:29
162                <action android:name="com.google.firebase.auth.api.gms.service.START" />
162-->[com.google.firebase:firebase-auth:20.0.0] AndroidManifest.xml:77:17-89
162-->[com.google.firebase:firebase-auth:20.0.0] AndroidManifest.xml:77:25-86
163
164                <category android:name="android.intent.category.DEFAULT" />
164-->[com.google.firebase:firebase-auth:20.0.0] AndroidManifest.xml:44:17-76
164-->[com.google.firebase:firebase-auth:20.0.0] AndroidManifest.xml:44:27-73
165            </intent-filter>
166        </service>
167
168        <activity
168-->[com.facebook.android:facebook-common:5.5.1] AndroidManifest.xml:29:9-32:66
169            android:name="com.facebook.FacebookActivity"
169-->[com.facebook.android:facebook-common:5.5.1] AndroidManifest.xml:30:13-57
170            android:configChanges="keyboard|keyboardHidden|screenLayout|screenSize|orientation"
170-->[com.facebook.android:facebook-common:5.5.1] AndroidManifest.xml:31:13-96
171            android:theme="@style/com_facebook_activity_theme" />
171-->[com.facebook.android:facebook-common:5.5.1] AndroidManifest.xml:32:13-63
172        <activity android:name="com.facebook.CustomTabMainActivity" />
172-->[com.facebook.android:facebook-common:5.5.1] AndroidManifest.xml:33:9-71
172-->[com.facebook.android:facebook-common:5.5.1] AndroidManifest.xml:33:19-68
173        <activity android:name="com.facebook.CustomTabActivity" />
173-->[com.facebook.android:facebook-common:5.5.1] AndroidManifest.xml:34:9-67
173-->[com.facebook.android:facebook-common:5.5.1] AndroidManifest.xml:34:19-64
174        <activity
174-->[com.google.android.gms:play-services-auth:16.0.1] AndroidManifest.xml:23:9-27:75
175            android:name="com.google.android.gms.auth.api.signin.internal.SignInHubActivity"
175-->[com.google.android.gms:play-services-auth:16.0.1] AndroidManifest.xml:24:13-93
176            android:excludeFromRecents="true"
176-->[com.google.android.gms:play-services-auth:16.0.1] AndroidManifest.xml:25:13-46
177            android:exported="false"
177-->[com.google.android.gms:play-services-auth:16.0.1] AndroidManifest.xml:26:13-37
178            android:theme="@android:style/Theme.Translucent.NoTitleBar" />
178-->[com.google.android.gms:play-services-auth:16.0.1] AndroidManifest.xml:27:13-72
179        <!--
180            Service handling Google Sign-In user revocation. For apps that do not integrate with
181            Google Sign-In, this service will never be started.
182        -->
183        <service
183-->[com.google.android.gms:play-services-auth:16.0.1] AndroidManifest.xml:33:9-36:110
184            android:name="com.google.android.gms.auth.api.signin.RevocationBoundService"
184-->[com.google.android.gms:play-services-auth:16.0.1] AndroidManifest.xml:34:13-89
185            android:exported="true"
185-->[com.google.android.gms:play-services-auth:16.0.1] AndroidManifest.xml:35:13-36
186            android:permission="com.google.android.gms.auth.api.signin.permission.REVOCATION_NOTIFICATION" />
186-->[com.google.android.gms:play-services-auth:16.0.1] AndroidManifest.xml:36:13-107
187
188        <activity
188-->[com.google.android.gms:play-services-base:17.1.0] AndroidManifest.xml:23:9-26:75
189            android:name="com.google.android.gms.common.api.GoogleApiActivity"
189-->[com.google.android.gms:play-services-base:17.1.0] AndroidManifest.xml:24:13-79
190            android:exported="false"
190-->[com.google.android.gms:play-services-base:17.1.0] AndroidManifest.xml:25:13-37
191            android:theme="@android:style/Theme.Translucent.NoTitleBar" />
191-->[com.google.android.gms:play-services-base:17.1.0] AndroidManifest.xml:26:13-72
192
193        <receiver
193-->[com.google.android.gms:play-services-measurement:18.0.0] AndroidManifest.xml:29:9-33:20
194            android:name="com.google.android.gms.measurement.AppMeasurementReceiver"
194-->[com.google.android.gms:play-services-measurement:18.0.0] AndroidManifest.xml:30:13-85
195            android:enabled="true"
195-->[com.google.android.gms:play-services-measurement:18.0.0] AndroidManifest.xml:31:13-35
196            android:exported="false" >
196-->[com.google.android.gms:play-services-measurement:18.0.0] AndroidManifest.xml:32:13-37
197        </receiver>
198
199        <service
199-->[com.google.android.gms:play-services-measurement:18.0.0] AndroidManifest.xml:35:9-38:40
200            android:name="com.google.android.gms.measurement.AppMeasurementService"
200-->[com.google.android.gms:play-services-measurement:18.0.0] AndroidManifest.xml:36:13-84
201            android:enabled="true"
201-->[com.google.android.gms:play-services-measurement:18.0.0] AndroidManifest.xml:37:13-35
202            android:exported="false" />
202-->[com.google.android.gms:play-services-measurement:18.0.0] AndroidManifest.xml:38:13-37
203        <service
203-->[com.google.android.gms:play-services-measurement:18.0.0] AndroidManifest.xml:39:9-43:72
204            android:name="com.google.android.gms.measurement.AppMeasurementJobService"
204-->[com.google.android.gms:play-services-measurement:18.0.0] AndroidManifest.xml:40:13-87
205            android:enabled="true"
205-->[com.google.android.gms:play-services-measurement:18.0.0] AndroidManifest.xml:41:13-35
206            android:exported="false"
206-->[com.google.android.gms:play-services-measurement:18.0.0] AndroidManifest.xml:42:13-37
207            android:permission="android.permission.BIND_JOB_SERVICE" />
207-->[com.google.android.gms:play-services-measurement:18.0.0] AndroidManifest.xml:43:13-69
208
209        <provider
209-->[com.google.firebase:firebase-common:19.3.1] AndroidManifest.xml:26:9-31:39
210            android:name="com.google.firebase.provider.FirebaseInitProvider"
210-->[com.google.firebase:firebase-common:19.3.1] AndroidManifest.xml:27:13-77
211            android:authorities="com.islamic.dzemaat.firebaseinitprovider"
211-->[com.google.firebase:firebase-common:19.3.1] AndroidManifest.xml:28:13-72
212            android:directBootAware="true"
212-->[com.google.firebase:firebase-common:19.3.1] AndroidManifest.xml:29:13-43
213            android:exported="false"
213-->[com.google.firebase:firebase-common:19.3.1] AndroidManifest.xml:30:13-37
214            android:initOrder="100" />
214-->[com.google.firebase:firebase-common:19.3.1] AndroidManifest.xml:31:13-36
215
216        <meta-data
216-->[com.google.android.gms:play-services-basement:17.1.0] AndroidManifest.xml:23:9-25:69
217            android:name="com.google.android.gms.version"
217-->[com.google.android.gms:play-services-basement:17.1.0] AndroidManifest.xml:24:13-58
218            android:value="@integer/google_play_services_version" />
218-->[com.google.android.gms:play-services-basement:17.1.0] AndroidManifest.xml:25:13-66
219        <!--
220         The initialization ContentProvider will call FacebookSdk.sdkInitialize automatically
221         with the application context. This config is merged in with the host app's manifest,
222         but there can only be one provider with the same authority activated at any given
223         point; so if the end user has two or more different apps that use Facebook SDK, only the
224         first one will be able to use the provider. To work around this problem, we use the
225         following placeholder in the authority to identify each host application as if it was
226         a completely different provider.
227        -->
228        <provider
228-->[com.facebook.android:facebook-core:5.5.1] AndroidManifest.xml:39:9-42:40
229            android:name="com.facebook.internal.FacebookInitProvider"
229-->[com.facebook.android:facebook-core:5.5.1] AndroidManifest.xml:40:13-70
230            android:authorities="com.islamic.dzemaat.FacebookInitProvider"
230-->[com.facebook.android:facebook-core:5.5.1] AndroidManifest.xml:41:13-72
231            android:exported="false" />
231-->[com.facebook.android:facebook-core:5.5.1] AndroidManifest.xml:42:13-37
232
233        <receiver
233-->[com.facebook.android:facebook-core:5.5.1] AndroidManifest.xml:44:9-50:20
234            android:name="com.facebook.CurrentAccessTokenExpirationBroadcastReceiver"
234-->[com.facebook.android:facebook-core:5.5.1] AndroidManifest.xml:45:13-86
235            android:exported="false" >
235-->[com.facebook.android:facebook-core:5.5.1] AndroidManifest.xml:46:13-37
236            <intent-filter>
236-->[com.facebook.android:facebook-core:5.5.1] AndroidManifest.xml:47:13-49:29
237                <action android:name="com.facebook.sdk.ACTION_CURRENT_ACCESS_TOKEN_CHANGED" />
237-->[com.facebook.android:facebook-core:5.5.1] AndroidManifest.xml:48:17-95
237-->[com.facebook.android:facebook-core:5.5.1] AndroidManifest.xml:48:25-92
238            </intent-filter>
239        </receiver>
240        <receiver
240-->[com.facebook.android:facebook-core:5.5.1] AndroidManifest.xml:51:9-58:20
241            android:name="com.facebook.CampaignTrackingReceiver"
241-->[com.facebook.android:facebook-core:5.5.1] AndroidManifest.xml:52:13-65
242            android:exported="true"
242-->[com.facebook.android:facebook-core:5.5.1] AndroidManifest.xml:53:13-36
243            android:permission="android.permission.INSTALL_PACKAGES" >
243-->[com.facebook.android:facebook-core:5.5.1] AndroidManifest.xml:54:13-69
244            <intent-filter>
244-->[com.facebook.android:facebook-core:5.5.1] AndroidManifest.xml:55:13-57:29
245                <action android:name="com.android.vending.INSTALL_REFERRER" />
245-->[com.facebook.android:facebook-core:5.5.1] AndroidManifest.xml:56:17-79
245-->[com.facebook.android:facebook-core:5.5.1] AndroidManifest.xml:56:25-76
246            </intent-filter>
247        </receiver>
248    </application>
249
250</manifest>